This file contains any messages produced by compilers while
running configure, to aid debugging if configure makes a mistake.

It was created by configure, which was
generated by GNU Autoconf 2.69.  Invocation command line was

  $ ./configure --with-problem=kelvin --with-gas=hydro --with-eos=adiabatic --with-flux=roe

## --------- ##
## Platform. ##
## --------- ##

hostname = Jamie-PC
uname -m = x86_64
uname -r = 4.15.0-72-generic
uname -s = Linux
uname -v = #81-Ubuntu SMP Tue Nov 26 12:20:02 UTC 2019

/usr/bin/uname -p = unknown
/bin/uname -X     = unknown

/bin/arch              = unknown
/usr/bin/arch -k       = unknown
/usr/convex/getsysinfo = unknown
/usr/bin/hostinfo      = unknown
/bin/machine           = unknown
/usr/bin/oslevel       = unknown
/bin/universe          = unknown

PATH: /home/jamie/anaconda3/bin
PATH: /usr/local/cuda-10.0/bin
PATH: /home/jamie/.local/bin
PATH: /home/jamie/bin
PATH: /usr/local/sbin
PATH: /usr/local/bin
PATH: /usr/sbin
PATH: /usr/bin
PATH: /sbin
PATH: /bin
PATH: /usr/games
PATH: /usr/local/games
PATH: /snap/bin
PATH: /home/jamie/bin


## ----------- ##
## Core tests. ##
## ----------- ##

configure:2154: checking for gcc
configure:2170: found /usr/bin/gcc
configure:2181: result: gcc
configure:2410: checking for C compiler version
configure:2419: gcc --version >&5
gcc (Ubuntu 7.4.0-1ubuntu1~18.04.1) 7.4.0
Copyright (C) 2017 Free Software Foundation, Inc.
This is free software; see the source for copying conditions.  There is NO
warranty; not even for MERCHANTABILITY or FITNESS FOR A PARTICULAR PURPOSE.

configure:2430: $? = 0
configure:2419: gcc -v >&5
Using built-in specs.
COLLECT_GCC=gcc
COLLECT_LTO_WRAPPER=/usr/lib/gcc/x86_64-linux-gnu/7/lto-wrapper
OFFLOAD_TARGET_NAMES=nvptx-none
OFFLOAD_TARGET_DEFAULT=1
Target: x86_64-linux-gnu
Configured with: ../src/configure -v --with-pkgversion='Ubuntu 7.4.0-1ubuntu1~18.04.1' --with-bugurl=file:///usr/share/doc/gcc-7/README.Bugs --enable-languages=c,ada,c++,go,brig,d,fortran,objc,obj-c++ --prefix=/usr --with-gcc-major-version-only --program-suffix=-7 --program-prefix=x86_64-linux-gnu- --enable-shared --enable-linker-build-id --libexecdir=/usr/lib --without-included-gettext --enable-threads=posix --libdir=/usr/lib --enable-nls --with-sysroot=/ --enable-clocale=gnu --enable-libstdcxx-debug --enable-libstdcxx-time=yes --with-default-libstdcxx-abi=new --enable-gnu-unique-object --disable-vtable-verify --enable-libmpx --enable-plugin --enable-default-pie --with-system-zlib --with-target-system-zlib --enable-objc-gc=auto --enable-multiarch --disable-werror --with-arch-32=i686 --with-abi=m64 --with-multilib-list=m32,m64,mx32 --enable-multilib --with-tune=generic --enable-offload-targets=nvptx-none --without-cuda-driver --enable-checking=release --build=x86_64-linux-gnu --host=x86_64-linux-gnu --target=x86_64-linux-gnu
Thread model: posix
gcc version 7.4.0 (Ubuntu 7.4.0-1ubuntu1~18.04.1) 
configure:2430: $? = 0
configure:2419: gcc -V >&5
gcc: error: unrecognized command line option '-V'
gcc: fatal error: no input files
compilation terminated.
configure:2430: $? = 1
configure:2419: gcc -qversion >&5
gcc: error: unrecognized command line option '-qversion'; did you mean '--version'?
gcc: fatal error: no input files
compilation terminated.
configure:2430: $? = 1
configure:2450: checking whether the C compiler works
configure:2472: gcc    conftest.c  >&5
configure:2476: $? = 0
configure:2524: result: yes
configure:2527: checking for C compiler default output file name
configure:2529: result: a.out
configure:2535: checking for suffix of executables
configure:2542: gcc -o conftest    conftest.c  >&5
configure:2546: $? = 0
configure:2568: result: 
configure:2590: checking whether we are cross compiling
configure:2598: gcc -o conftest    conftest.c  >&5
configure:2602: $? = 0
configure:2609: ./conftest
configure:2613: $? = 0
configure:2628: result: no
configure:2633: checking for suffix of object files
configure:2655: gcc -c   conftest.c >&5
configure:2659: $? = 0
configure:2680: result: o
configure:2684: checking whether we are using the GNU C compiler
configure:2703: gcc -c   conftest.c >&5
configure:2703: $? = 0
configure:2712: result: yes
configure:2721: checking whether gcc accepts -g
configure:2741: gcc -c -g  conftest.c >&5
configure:2741: $? = 0
configure:2782: result: yes
configure:2799: checking for gcc option to accept ISO C89
configure:2862: gcc  -c -g -O2  conftest.c >&5
configure:2862: $? = 0
configure:2875: result: none needed
configure:2938: checking for a BSD-compatible install
configure:3006: result: /usr/bin/install -c
configure:3674: checking how to run the C preprocessor
configure:3705: gcc -E  conftest.c
configure:3705: $? = 0
configure:3719: gcc -E  conftest.c
conftest.c:9:10: fatal error: ac_nonexistent.h: No such file or directory
 #include <ac_nonexistent.h>
          ^~~~~~~~~~~~~~~~~~
compilation terminated.
configure:3719: $? = 1
configure: failed program was:
| /* confdefs.h */
| #define PACKAGE_NAME ""
| #define PACKAGE_TARNAME ""
| #define PACKAGE_VERSION ""
| #define PACKAGE_STRING ""
| #define PACKAGE_BUGREPORT ""
| #define PACKAGE_URL ""
| /* end confdefs.h.  */
| #include <ac_nonexistent.h>
configure:3744: result: gcc -E
configure:3764: gcc -E  conftest.c
configure:3764: $? = 0
configure:3778: gcc -E  conftest.c
conftest.c:9:10: fatal error: ac_nonexistent.h: No such file or directory
 #include <ac_nonexistent.h>
          ^~~~~~~~~~~~~~~~~~
compilation terminated.
configure:3778: $? = 1
configure: failed program was:
| /* confdefs.h */
| #define PACKAGE_NAME ""
| #define PACKAGE_TARNAME ""
| #define PACKAGE_VERSION ""
| #define PACKAGE_STRING ""
| #define PACKAGE_BUGREPORT ""
| #define PACKAGE_URL ""
| /* end confdefs.h.  */
| #include <ac_nonexistent.h>
configure:3807: checking for grep that handles long lines and -e
configure:3865: result: /bin/grep
configure:3870: checking for egrep
configure:3932: result: /bin/grep -E
configure:3938: checking whether gcc needs -traditional
configure:3972: result: no
configure:3981: checking for strdup
configure:3981: gcc -o conftest -g -O2   conftest.c  >&5
conftest.c:32:6: warning: conflicting types for built-in function 'strdup' [-Wbuiltin-declaration-mismatch]
 char strdup ();
      ^~~~~~
configure:3981: $? = 0
configure:3981: result: yes
configure:3990: checking for ANSI C header files
configure:4010: gcc -c -g -O2  conftest.c >&5
configure:4010: $? = 0
configure:4083: gcc -o conftest -g -O2   conftest.c  >&5
configure:4083: $? = 0
configure:4083: ./conftest
configure:4083: $? = 0
configure:4094: result: yes
configure:4107: checking for sys/types.h
configure:4107: gcc -c -g -O2  conftest.c >&5
configure:4107: $? = 0
configure:4107: result: yes
configure:4107: checking for sys/stat.h
configure:4107: gcc -c -g -O2  conftest.c >&5
configure:4107: $? = 0
configure:4107: result: yes
configure:4107: checking for stdlib.h
configure:4107: gcc -c -g -O2  conftest.c >&5
configure:4107: $? = 0
configure:4107: result: yes
configure:4107: checking for string.h
configure:4107: gcc -c -g -O2  conftest.c >&5
configure:4107: $? = 0
configure:4107: result: yes
configure:4107: checking for memory.h
configure:4107: gcc -c -g -O2  conftest.c >&5
configure:4107: $? = 0
configure:4107: result: yes
configure:4107: checking for strings.h
configure:4107: gcc -c -g -O2  conftest.c >&5
configure:4107: $? = 0
configure:4107: result: yes
configure:4107: checking for inttypes.h
configure:4107: gcc -c -g -O2  conftest.c >&5
configure:4107: $? = 0
configure:4107: result: yes
configure:4107: checking for stdint.h
configure:4107: gcc -c -g -O2  conftest.c >&5
configure:4107: $? = 0
configure:4107: result: yes
configure:4107: checking for unistd.h
configure:4107: gcc -c -g -O2  conftest.c >&5
configure:4107: $? = 0
configure:4107: result: yes
configure:4119: checking whether byte ordering is bigendian
configure:4134: gcc -c -g -O2  conftest.c >&5
conftest.c:21:9: error: unknown type name 'not'
         not a universal capable compiler
         ^~~
conftest.c:21:15: error: expected '=', ',', ';', 'asm' or '__attribute__' before 'universal'
         not a universal capable compiler
               ^~~~~~~~~
conftest.c:21:15: error: unknown type name 'universal'
configure:4134: $? = 1
configure: failed program was:
| /* confdefs.h */
| #define PACKAGE_NAME ""
| #define PACKAGE_TARNAME ""
| #define PACKAGE_VERSION ""
| #define PACKAGE_STRING ""
| #define PACKAGE_BUGREPORT ""
| #define PACKAGE_URL ""
| #define HAVE_STRDUP 1
| #define STDC_HEADERS 1
| #define HAVE_SYS_TYPES_H 1
| #define HAVE_SYS_STAT_H 1
| #define HAVE_STDLIB_H 1
| #define HAVE_STRING_H 1
| #define HAVE_MEMORY_H 1
| #define HAVE_STRINGS_H 1
| #define HAVE_INTTYPES_H 1
| #define HAVE_STDINT_H 1
| #define HAVE_UNISTD_H 1
| /* end confdefs.h.  */
| #ifndef __APPLE_CC__
| 	       not a universal capable compiler
| 	     #endif
| 	     typedef int dummy;
| 
configure:4179: gcc -c -g -O2  conftest.c >&5
configure:4179: $? = 0
configure:4197: gcc -c -g -O2  conftest.c >&5
conftest.c: In function 'main':
conftest.c:27:4: error: unknown type name 'not'; did you mean 'ino_t'?
    not big endian
    ^~~
    ino_t
conftest.c:27:12: error: expected '=', ',', ';', 'asm' or '__attribute__' before 'endian'
    not big endian
            ^~~~~~
configure:4197: $? = 1
configure: failed program was:
| /* confdefs.h */
| #define PACKAGE_NAME ""
| #define PACKAGE_TARNAME ""
| #define PACKAGE_VERSION ""
| #define PACKAGE_STRING ""
| #define PACKAGE_BUGREPORT ""
| #define PACKAGE_URL ""
| #define HAVE_STRDUP 1
| #define STDC_HEADERS 1
| #define HAVE_SYS_TYPES_H 1
| #define HAVE_SYS_STAT_H 1
| #define HAVE_STDLIB_H 1
| #define HAVE_STRING_H 1
| #define HAVE_MEMORY_H 1
| #define HAVE_STRINGS_H 1
| #define HAVE_INTTYPES_H 1
| #define HAVE_STDINT_H 1
| #define HAVE_UNISTD_H 1
| /* end confdefs.h.  */
| #include <sys/types.h>
| 		#include <sys/param.h>
| 
| int
| main ()
| {
| #if BYTE_ORDER != BIG_ENDIAN
| 		 not big endian
| 		#endif
| 
|   ;
|   return 0;
| }
configure:4325: result: no
configure:4475: creating ./config.status

## ---------------------- ##
## Running config.status. ##
## ---------------------- ##

This file was extended by config.status, which was
generated by GNU Autoconf 2.69.  Invocation command line was

  CONFIG_FILES    = 
  CONFIG_HEADERS  = 
  CONFIG_LINKS    = 
  CONFIG_COMMANDS = 
  $ ./config.status 

on Jamie-PC

config.status:849: creating Makefile
config.status:849: creating Makeoptions
config.status:849: creating src/Makefile
config.status:849: creating src/defs.h
config.status:849: creating src/fftsrc/Makefile
config.status:849: creating src/gravity/Makefile
config.status:849: creating src/integrators/Makefile
config.status:849: creating src/microphysics/Makefile
config.status:849: creating src/reconstruction/Makefile
config.status:849: creating src/rsolvers/Makefile
config.status:849: creating src/particles/Makefile
config.status:849: creating src/config.h
config.status:1024: src/config.h is unchanged

## ---------------- ##
## Cache variables. ##
## ---------------- ##

ac_cv_c_bigendian=no
ac_cv_c_compiler_gnu=yes
ac_cv_env_CC_set=
ac_cv_env_CC_value=
ac_cv_env_CFLAGS_set=
ac_cv_env_CFLAGS_value=
ac_cv_env_CPPFLAGS_set=
ac_cv_env_CPPFLAGS_value=
ac_cv_env_CPP_set=
ac_cv_env_CPP_value=
ac_cv_env_LDFLAGS_set=
ac_cv_env_LDFLAGS_value=
ac_cv_env_LIBS_set=
ac_cv_env_LIBS_value=
ac_cv_env_build_alias_set=
ac_cv_env_build_alias_value=
ac_cv_env_host_alias_set=
ac_cv_env_host_alias_value=
ac_cv_env_target_alias_set=
ac_cv_env_target_alias_value=
ac_cv_func_strdup=yes
ac_cv_header_inttypes_h=yes
ac_cv_header_memory_h=yes
ac_cv_header_stdc=yes
ac_cv_header_stdint_h=yes
ac_cv_header_stdlib_h=yes
ac_cv_header_string_h=yes
ac_cv_header_strings_h=yes
ac_cv_header_sys_stat_h=yes
ac_cv_header_sys_types_h=yes
ac_cv_header_unistd_h=yes
ac_cv_objext=o
ac_cv_path_EGREP='/bin/grep -E'
ac_cv_path_GREP=/bin/grep
ac_cv_path_install='/usr/bin/install -c'
ac_cv_prog_CPP='gcc -E'
ac_cv_prog_ac_ct_CC=gcc
ac_cv_prog_cc_c89=
ac_cv_prog_cc_g=yes
ac_cv_prog_gcc_traditional=no

## ----------------- ##
## Output variables. ##
## ----------------- ##

ACCURACY='THIRD_ORDER_CHAR'
A_CONFIGURE_DATE='Tue Jan  7 13:31:22 CET 2020'
CC='gcc'
CFLAGS='-g -O2'
COMPILER_OPTS='-O3'
CONDUCTION_MODE='NO_THERMAL_CONDUCTION'
COORD='CARTESIAN'
CPP='gcc -E'
CPPFLAGS=''
DEBUG_MODE='OPTIMIZE'
DEFS='-DHAVE_CONFIG_H'
ECHO_C=''
ECHO_N='-n'
ECHO_T=''
EGREP='/bin/grep -E'
EOS='ADIABATIC'
EXEEXT=''
FARGO_MODE='NO_FARGO'
FEEDBACK_DEFINE='NO_FEEDBACK'
FFT_MODE='NO_FFT'
FLUX_DEF='ROE_FLUX'
FLUX_NAME='roe'
FOFC_MODE='NO_FIRST_ORDER_FLUX_CORRECTION'
GAS='HYDRO'
GREP='/bin/grep'
H_CORRECTION_MODE='NO_H_CORRECTION'
INSTALL_DATA='${INSTALL} -m 644'
INSTALL_PROGRAM='${INSTALL}'
INSTALL_SCRIPT='${INSTALL}'
INTEGRATOR='ctu'
INTEGRATOR_DEF='CTU_INTEGRATOR'
L1_INFLOW_MODE='NO_L1_INFLOW'
LDFLAGS=''
LIBOBJS=''
LIBS=''
LTLIBOBJS=''
MESH_REFINEMENT='NO_MESH_REFINEMENT'
MPI_MODE='NO_MPI_PARALLEL'
NSCALARS='0'
OBJEXT='o'
ORDER='3'
PACKAGE_BUGREPORT=''
PACKAGE_NAME=''
PACKAGE_STRING=''
PACKAGE_TARNAME=''
PACKAGE_URL=''
PACKAGE_VERSION=''
PARTICLES_ALGORITHM='NO_PARTICLES'
PATH_SEPARATOR=':'
PRECISION='DOUBLE_PREC'
PROBLEM='kelvin'
RESISTIVITY_MODE='NO_RESISTIVITY'
ROTATING_FRAME_MODE='NO_ROTATING_FRAME'
SELF_GRAVITY_ALGORITHM='SELF_GRAVITY_NONE'
SELF_GRAVITY_DEFINE='NO_SELF_GRAVITY'
SHEARING_BOX_MODE='NO_SHEARING_BOX'
SHELL='/bin/bash'
SPECIAL_RELATIVITY_MODE='NEWTONIAN'
TIMESTEPPING_MODE='NO_STS'
VISCOSITY_MODE='NO_VISCOSITY'
WARNING1='WARNING! This file has been automatically generated by configure.'
WARNING2='Any changes to it will be overwritten the next time configure is run.'
WRITE_GHOST_MODE='NO_WRITE_GHOST_CELLS'
ac_ct_CC='gcc'
bindir='${exec_prefix}/bin'
build_alias=''
datadir='${datarootdir}'
datarootdir='${prefix}/share'
docdir='${datarootdir}/doc/${PACKAGE}'
dvidir='${docdir}'
exec_prefix='${prefix}'
host_alias=''
htmldir='${docdir}'
includedir='${prefix}/include'
infodir='${datarootdir}/info'
libdir='${exec_prefix}/lib'
libexecdir='${exec_prefix}/libexec'
localedir='${datarootdir}/locale'
localstatedir='${prefix}/var'
mandir='${datarootdir}/man'
oldincludedir='/usr/include'
pdfdir='${docdir}'
prefix='/usr/local'
program_transform_name='s,x,x,'
psdir='${docdir}'
runstatedir='${localstatedir}/run'
sbindir='${exec_prefix}/sbin'
sharedstatedir='${prefix}/com'
sysconfdir='${prefix}/etc'
target_alias=''

## ----------- ##
## confdefs.h. ##
## ----------- ##

/* confdefs.h */
#define PACKAGE_NAME ""
#define PACKAGE_TARNAME ""
#define PACKAGE_VERSION ""
#define PACKAGE_STRING ""
#define PACKAGE_BUGREPORT ""
#define PACKAGE_URL ""
#define HAVE_STRDUP 1
#define STDC_HEADERS 1
#define HAVE_SYS_TYPES_H 1
#define HAVE_SYS_STAT_H 1
#define HAVE_STDLIB_H 1
#define HAVE_STRING_H 1
#define HAVE_MEMORY_H 1
#define HAVE_STRINGS_H 1
#define HAVE_INTTYPES_H 1
#define HAVE_STDINT_H 1
#define HAVE_UNISTD_H 1

configure: exit 0
